<?xml version="1.0" encoding="UTF-8" ?>
<testsuite tests="1" failures="1" name="TestSuite" time="53.846" errors="0" skipped="0">
  <properties>
[...]
</properties>
  <testcase classname="com.qmetry.qaf.automation.step.client.Scenario" name="Flipkart" time="49.599">
    <failure message="Timed out after 30 seconds waiting for presence of element located by: By.xpath: android.widget.Button
Build info: version: &apos;2.53.0&apos;, revision: &apos;35ae25b1534ae328c771e0856c93e187490ca824&apos;, time: &apos;2016-03-15 10:43:46&apos;
System info: host: &apos;ICPL11492&apos;, ip: &apos;192.168.238.2&apos;, os.name: &apos;Windows 10&apos;, os.arch: &apos;amd64&apos;, os.version: &apos;10.0&apos;, java.version: &apos;1.8.0_144&apos;
Driver info: driver.version: QAFExtendedWebDriver" type="org.openqa.selenium.TimeoutException">org.openqa.selenium.TimeoutException: Timed out after 30 seconds waiting for presence of element located by: By.xpath: android.widget.Button
Build info: version: &apos;2.53.0&apos;, revision: &apos;35ae25b1534ae328c771e0856c93e187490ca824&apos;, time: &apos;2016-03-15 10:43:46&apos;
System info: host: &apos;ICPL11492&apos;, ip: &apos;192.168.238.2&apos;, os.name: &apos;Windows 10&apos;, os.arch: &apos;amd64&apos;, os.version: &apos;10.0&apos;, java.version: &apos;1.8.0_144&apos;
Driver info: driver.version: QAFExtendedWebDriver
	at .Given Open my application(scenarios/Flip.bdd:8)
	at org.openqa.selenium.support.ui.FluentWait.timeoutException(FluentWait.java:292)
	at org.openqa.selenium.support.ui.FluentWait.until(FluentWait.java:261)
	at com.qmetry.qaf.automation.ui.webdriver.QAFExtendedWebDriver.load(QAFExtendedWebDriver.java:214)
	at com.qmetry.qaf.automation.ui.webdriver.QAFExtendedWebElement.load(QAFExtendedWebElement.java:284)
	at com.qmetry.qaf.automation.ui.webdriver.QAFExtendedWebElement.execute(QAFExtendedWebElement.java:239)
	at org.openqa.selenium.remote.RemoteWebElement.click(RemoteWebElement.java:85)
	at com.page.FlipkartHomePageStep.openApp_aroundBody0(FlipkartHomePageStep.java:39)
	at com.qmetry.qaf.automation.step.JavaStepReporter.javaTestStep(JavaStepReporter.java:101)
	at com.page.FlipkartHomePageStep.openApp(FlipkartHomePageStep.java:38)
	at com.qmetry.qaf.automation.step.JavaStep.doExecute(JavaStep.java:160)
	at com.qmetry.qaf.automation.step.BaseTestStep.execute(BaseTestStep.java:149)
	at com.qmetry.qaf.automation.step.StringTestStep.execute(StringTestStep.java:134)
	at com.qmetry.qaf.automation.step.client.Scenario.execute(Scenario.java:167)
	at com.qmetry.qaf.automation.step.client.Scenario.scenario(Scenario.java:219)
	at org.apache.maven.surefire.testng.TestNGExecutor.run(TestNGExecutor.java:122)
	at org.apache.maven.surefire.testng.TestNGXmlTestSuite.execute(TestNGXmlTestSuite.java:92)
	at org.apache.maven.surefire.testng.TestNGProvider.invoke(TestNGProvider.java:101)
	at org.apache.maven.surefire.util.ReflectionUtils.invokeMethodWithArray(ReflectionUtils.java:164)
	at org.apache.maven.surefire.booter.ProviderFactory$ProviderProxy.invoke(ProviderFactory.java:110)
	at org.apache.maven.surefire.booter.SurefireStarter.invokeProvider(SurefireStarter.java:172)
	at org.apache.maven.surefire.booter.SurefireStarter.runSuitesInProcessWhenForked(SurefireStarter.java:104)
	at org.apache.maven.surefire.booter.ForkedBooter.main(ForkedBooter.java:70)
Caused by: org.openqa.selenium.NoSuchElementException: An element could not be located on the page using the given search parameters. (WARNING: The server did not provide any stacktrace information)
Command duration or timeout: 241 milliseconds
For documentation on this error, please visit: http://seleniumhq.org/exceptions/no_such_element.html
Build info: version: &apos;2.53.0&apos;, revision: &apos;35ae25b1534ae328c771e0856c93e187490ca824&apos;, time: &apos;2016-03-15 10:43:46&apos;
System info: host: &apos;ICPL11492&apos;, ip: &apos;192.168.238.2&apos;, os.name: &apos;Windows 10&apos;, os.arch: &apos;amd64&apos;, os.version: &apos;10.0&apos;, java.version: &apos;1.8.0_144&apos;
Driver info: com.qmetry.qaf.automation.ui.webdriver.QAFExtendedWebDriver
Capabilities [{appPackage=com.flipkart.android, deviceScreenSize=768x1280, networkConnectionEnabled=true, warnings={}, databaseEnabled=false, deviceName=192.168.238.101:5555, platform=LINUX, deviceUDID=192.168.238.101:5555, appActivity=com.flipkart.android.activity.HomeFragmentHolderActivity, browser_name=, desired={appPackage=com.flipkart.android, appActivity=com.flipkart.android.activity.HomeFragmentHolderActivity, browser_name=, appium-version=4.1.2, newCommandTimeout=120, automationName=appium, takesScreenshot=true, javascriptEnabled=true, driver.class=io.appium.java_client.android.AndroidDriver, platformName=Android, deviceName=192.168.238.101:5555, cssSelectorsEnabled=true}, appium-version=4.1.2, newCommandTimeout=120, platformVersion=6.0, webStorageEnabled=false, locationContextEnabled=false, automationName=appium, takesScreenshot=true, javascriptEnabled=true, driver.class=io.appium.java_client.android.AndroidDriver, deviceModel=Custom Phone - 6.0.0 - API 23 - 768x1280, platformName=Android, deviceManufacturer=Genymotion, cssSelectorsEnabled=true}]
Session ID: bb2cb9c3-1603-49b6-9276-04c37debec13
*** Element info: {Using=xpath, value=android.widget.Button}
	at sun.reflect.GeneratedConstructorAccessor11.newInstance(Unknown Source)
	at sun.reflect.DelegatingConstructorAccessorImpl.newInstance(DelegatingConstructorAccessorImpl.java:45)
	at java.lang.reflect.Constructor.newInstance(Constructor.java:423)
	at org.openqa.selenium.remote.ErrorHandler.createThrowable(ErrorHandler.java:206)
	at org.openqa.selenium.remote.ErrorHandler.throwIfResponseFailed(ErrorHandler.java:158)
	at org.openqa.selenium.remote.RemoteWebDriver.execute(RemoteWebDriver.java:678)
	at com.qmetry.qaf.automation.ui.webdriver.QAFExtendedWebDriver.execute(QAFExtendedWebDriver.java:234)
	at org.openqa.selenium.remote.RemoteWebDriver.findElement(RemoteWebDriver.java:363)
	at org.openqa.selenium.remote.RemoteWebDriver.findElementByXPath(RemoteWebDriver.java:500)
	at com.qmetry.qaf.automation.ui.webdriver.QAFExtendedWebDriver.findElementByXPath(QAFExtendedWebDriver.java:398)
	at com.qmetry.qaf.automation.ui.webdriver.QAFExtendedWebDriver.findElementByXPath(QAFExtendedWebDriver.java:1)
	at org.openqa.selenium.By$ByXPath.findElement(By.java:361)
	at org.openqa.selenium.remote.RemoteWebDriver.findElement(RemoteWebDriver.java:355)
	at com.qmetry.qaf.automation.ui.webdriver.QAFExtendedWebDriver.findElement(QAFExtendedWebDriver.java:169)
	at com.qmetry.qaf.automation.ui.webdriver.QAFExtendedWebDriver.findElement(QAFExtendedWebDriver.java:1)
	at org.openqa.selenium.support.ui.ExpectedConditions.findElement(ExpectedConditions.java:899)
	at org.openqa.selenium.support.ui.ExpectedConditions.access$000(ExpectedConditions.java:41)
	at org.openqa.selenium.support.ui.ExpectedConditions$6.apply(ExpectedConditions.java:181)
	at org.openqa.selenium.support.ui.ExpectedConditions$6.apply(ExpectedConditions.java:178)
	at org.openqa.selenium.support.ui.FluentWait.until(FluentWait.java:238)
	at com.qmetry.qaf.automation.ui.webdriver.QAFExtendedWebDriver.load(QAFExtendedWebDriver.java:214)
	at com.qmetry.qaf.automation.ui.webdriver.QAFExtendedWebElement.load(QAFExtendedWebElement.java:284)
	at com.qmetry.qaf.automation.ui.webdriver.QAFExtendedWebElement.execute(QAFExtendedWebElement.java:239)
	at org.openqa.selenium.remote.RemoteWebElement.click(RemoteWebElement.java:85)
	at com.page.FlipkartHomePageStep.openApp_aroundBody0(FlipkartHomePageStep.java:39)
	at com.page.FlipkartHomePageStep$AjcClosure1.run(FlipkartHomePageStep.java:1)
	at org.aspectj.runtime.reflect.JoinPointImpl.proceed(JoinPointImpl.java:149)
	at com.qmetry.qaf.automation.step.JavaStepReporter.javaTestStep(JavaStepReporter.java:101)
	at com.page.FlipkartHomePageStep.openApp(FlipkartHomePageStep.java:38)
	at sun.reflect.NativeMethodAccessorImpl.invoke0(Native Method)
	at sun.reflect.NativeMethodAccessorImpl.invoke(NativeMethodAccessorImpl.java:62)
	at sun.reflect.DelegatingMethodAccessorImpl.invoke(DelegatingMethodAccessorImpl.java:43)
	at java.lang.reflect.Method.invoke(Method.java:498)
	at com.qmetry.qaf.automation.step.JavaStep.doExecute(JavaStep.java:160)
	at com.qmetry.qaf.automation.step.BaseTestStep.execute(BaseTestStep.java:149)
	at com.qmetry.qaf.automation.step.StringTestStep.execute(StringTestStep.java:134)
	at com.qmetry.qaf.automation.step.client.Scenario.execute(Scenario.java:167)
	at com.qmetry.qaf.automation.step.client.Scenario.scenario(Scenario.java:219)
	at sun.reflect.NativeMethodAccessorImpl.invoke0(Native Method)
	at sun.reflect.NativeMethodAccessorImpl.invoke(NativeMethodAccessorImpl.java:62)
	at sun.reflect.DelegatingMethodAccessorImpl.invoke(DelegatingMethodAccessorImpl.java:43)
	at java.lang.reflect.Method.invoke(Method.java:498)
	at org.testng.internal.MethodInvocationHelper.invokeMethod(MethodInvocationHelper.java:104)
	at org.testng.internal.Invoker.invokeMethod(Invoker.java:645)
	at org.testng.internal.Invoker.invokeTestMethod(Invoker.java:851)
	at org.testng.internal.Invoker.invokeTestMethods(Invoker.java:1177)
	at org.testng.internal.TestMethodWorker.invokeTestMethods(TestMethodWorker.java:129)
	at org.testng.internal.TestMethodWorker.run(TestMethodWorker.java:112)
	at org.testng.TestRunner.privateRun(TestRunner.java:781)
	at org.testng.TestRunner.run(TestRunner.java:635)
	at org.testng.SuiteRunner.runTest(SuiteRunner.java:387)
	at org.testng.SuiteRunner.runSequentially(SuiteRunner.java:382)
	at org.testng.SuiteRunner.privateRun(SuiteRunner.java:340)
	at org.testng.SuiteRunner.run(SuiteRunner.java:289)
	at org.testng.SuiteRunnerWorker.runSuite(SuiteRunnerWorker.java:52)
	at org.testng.SuiteRunnerWorker.run(SuiteRunnerWorker.java:86)
	at org.testng.TestNG.runSuitesSequentially(TestNG.java:1293)
	at org.testng.TestNG.runSuitesLocally(TestNG.java:1218)
	at org.testng.TestNG.runSuites(TestNG.java:1133)
	at org.testng.TestNG.run(TestNG.java:1104)
	at org.apache.maven.surefire.testng.TestNGExecutor.run(TestNGExecutor.java:122)
	at org.apache.maven.surefire.testng.TestNGXmlTestSuite.execute(TestNGXmlTestSuite.java:92)
	at org.apache.maven.surefire.testng.TestNGProvider.invoke(TestNGProvider.java:101)
	at sun.reflect.NativeMethodAccessorImpl.invoke0(Native Method)
	at sun.reflect.NativeMethodAccessorImpl.invoke(NativeMethodAccessorImpl.java:62)
	at sun.reflect.DelegatingMethodAccessorImpl.invoke(DelegatingMethodAccessorImpl.java:43)
	at java.lang.reflect.Method.invoke(Method.java:498)
	... 5 more
Caused by: org.openqa.selenium.NoSuchElementException: An element could not be located on the page using the given search parameters. (WARNING: The server did not provide any stacktrace information)
Command duration or timeout: 241 milliseconds
For documentation on this error, please visit: http://seleniumhq.org/exceptions/no_such_element.html
Build info: version: &apos;2.53.0&apos;, revision: &apos;35ae25b1534ae328c771e0856c93e187490ca824&apos;, time: &apos;2016-03-15 10:43:46&apos;
System info: host: &apos;ICPL11492&apos;, ip: &apos;192.168.238.2&apos;, os.name: &apos;Windows 10&apos;, os.arch: &apos;amd64&apos;, os.version: &apos;10.0&apos;, java.version: &apos;1.8.0_144&apos;
Driver info: com.qmetry.qaf.automation.ui.webdriver.QAFExtendedWebDriver
Capabilities [{appPackage=com.flipkart.android, deviceScreenSize=768x1280, networkConnectionEnabled=true, warnings={}, databaseEnabled=false, deviceName=192.168.238.101:5555, platform=LINUX, deviceUDID=192.168.238.101:5555, appActivity=com.flipkart.android.activity.HomeFragmentHolderActivity, browser_name=, desired={appPackage=com.flipkart.android, appActivity=com.flipkart.android.activity.HomeFragmentHolderActivity, browser_name=, appium-version=4.1.2, newCommandTimeout=120, automationName=appium, takesScreenshot=true, javascriptEnabled=true, driver.class=io.appium.java_client.android.AndroidDriver, platformName=Android, deviceName=192.168.238.101:5555, cssSelectorsEnabled=true}, appium-version=4.1.2, newCommandTimeout=120, platformVersion=6.0, webStorageEnabled=false, locationContextEnabled=false, automationName=appium, takesScreenshot=true, javascriptEnabled=true, driver.class=io.appium.java_client.android.AndroidDriver, deviceModel=Custom Phone - 6.0.0 - API 23 - 768x1280, platformName=Android, deviceManufacturer=Genymotion, cssSelectorsEnabled=true}]
Session ID: bb2cb9c3-1603-49b6-9276-04c37debec13
*** Element info: {Using=xpath, value=android.widget.Button}
	at sun.reflect.GeneratedConstructorAccessor11.newInstance(Unknown Source)
	at sun.reflect.DelegatingConstructorAccessorImpl.newInstance(DelegatingConstructorAccessorImpl.java:45)
	at java.lang.reflect.Constructor.newInstance(Constructor.java:423)
	at org.openqa.selenium.remote.ErrorHandler.createThrowable(ErrorHandler.java:206)
	at org.openqa.selenium.remote.ErrorHandler.throwIfResponseFailed(ErrorHandler.java:158)
	at org.openqa.selenium.remote.RemoteWebDriver.execute(RemoteWebDriver.java:678)
	at com.qmetry.qaf.automation.ui.webdriver.QAFExtendedWebDriver.execute(QAFExtendedWebDriver.java:234)
	at org.openqa.selenium.remote.RemoteWebDriver.findElement(RemoteWebDriver.java:363)
	at org.openqa.selenium.remote.RemoteWebDriver.findElementByXPath(RemoteWebDriver.java:500)
	at com.qmetry.qaf.automation.ui.webdriver.QAFExtendedWebDriver.findElementByXPath(QAFExtendedWebDriver.java:398)
	at com.qmetry.qaf.automation.ui.webdriver.QAFExtendedWebDriver.findElementByXPath(QAFExtendedWebDriver.java:1)
	at org.openqa.selenium.By$ByXPath.findElement(By.java:361)
	at org.openqa.selenium.remote.RemoteWebDriver.findElement(RemoteWebDriver.java:355)
	at com.qmetry.qaf.automation.ui.webdriver.QAFExtendedWebDriver.findElement(QAFExtendedWebDriver.java:169)
	at com.qmetry.qaf.automation.ui.webdriver.QAFExtendedWebDriver.findElement(QAFExtendedWebDriver.java:1)
	at org.openqa.selenium.support.ui.ExpectedConditions.findElement(ExpectedConditions.java:899)
	at org.openqa.selenium.support.ui.ExpectedConditions.access$000(ExpectedConditions.java:41)
	at org.openqa.selenium.support.ui.ExpectedConditions$6.apply(ExpectedConditions.java:181)
	at org.openqa.selenium.support.ui.ExpectedConditions$6.apply(ExpectedConditions.java:178)
	at org.openqa.selenium.support.ui.FluentWait.until(FluentWait.java:238)
	at com.qmetry.qaf.automation.ui.webdriver.QAFExtendedWebDriver.load(QAFExtendedWebDriver.java:214)
	at com.qmetry.qaf.automation.ui.webdriver.QAFExtendedWebElement.load(QAFExtendedWebElement.java:284)
	at com.qmetry.qaf.automation.ui.webdriver.QAFExtendedWebElement.execute(QAFExtendedWebElement.java:239)
	at org.openqa.selenium.remote.RemoteWebElement.click(RemoteWebElement.java:85)
	at com.page.FlipkartHomePageStep.openApp_aroundBody0(FlipkartHomePageStep.java:39)
	at com.page.FlipkartHomePageStep$AjcClosure1.run(FlipkartHomePageStep.java:1)
	at org.aspectj.runtime.reflect.JoinPointImpl.proceed(JoinPointImpl.java:149)
	at com.qmetry.qaf.automation.step.JavaStepReporter.javaTestStep(JavaStepReporter.java:101)
	at com.page.FlipkartHomePageStep.openApp(FlipkartHomePageStep.java:38)
	at sun.reflect.NativeMethodAccessorImpl.invoke0(Native Method)
	at sun.reflect.NativeMethodAccessorImpl.invoke(NativeMethodAccessorImpl.java:62)
	at sun.reflect.DelegatingMethodAccessorImpl.invoke(DelegatingMethodAccessorImpl.java:43)
	at java.lang.reflect.Method.invoke(Method.java:498)
	at com.qmetry.qaf.automation.step.JavaStep.doExecute(JavaStep.java:160)
	at com.qmetry.qaf.automation.step.BaseTestStep.execute(BaseTestStep.java:149)
	at com.qmetry.qaf.automation.step.StringTestStep.execute(StringTestStep.java:134)
	at com.qmetry.qaf.automation.step.client.Scenario.execute(Scenario.java:167)
	at com.qmetry.qaf.automation.step.client.Scenario.scenario(Scenario.java:219)
	at sun.reflect.NativeMethodAccessorImpl.invoke0(Native Method)
	at sun.reflect.NativeMethodAccessorImpl.invoke(NativeMethodAccessorImpl.java:62)
	at sun.reflect.DelegatingMethodAccessorImpl.invoke(DelegatingMethodAccessorImpl.java:43)
	at java.lang.reflect.Method.invoke(Method.java:498)
	at org.testng.internal.MethodInvocationHelper.invokeMethod(MethodInvocationHelper.java:104)
	at org.testng.internal.Invoker.invokeMethod(Invoker.java:645)
	at org.testng.internal.Invoker.invokeTestMethod(Invoker.java:851)
	at org.testng.internal.Invoker.invokeTestMethods(Invoker.java:1177)
	at org.testng.internal.TestMethodWorker.invokeTestMethods(TestMethodWorker.java:129)
	at org.testng.internal.TestMethodWorker.run(TestMethodWorker.java:112)
	at org.testng.TestRunner.privateRun(TestRunner.java:781)
	at org.testng.TestRunner.run(TestRunner.java:635)
	at org.testng.SuiteRunner.runTest(SuiteRunner.java:387)
	at org.testng.SuiteRunner.runSequentially(SuiteRunner.java:382)
	at org.testng.SuiteRunner.privateRun(SuiteRunner.java:340)
	at org.testng.SuiteRunner.run(SuiteRunner.java:289)
	at org.testng.SuiteRunnerWorker.runSuite(SuiteRunnerWorker.java:52)
	at org.testng.SuiteRunnerWorker.run(SuiteRunnerWorker.java:86)
	at org.testng.TestNG.runSuitesSequentially(TestNG.java:1293)
	at org.testng.TestNG.runSuitesLocally(TestNG.java:1218)
	at org.testng.TestNG.runSuites(TestNG.java:1133)
	at org.testng.TestNG.run(TestNG.java:1104)
	at org.apache.maven.surefire.testng.TestNGExecutor.run(TestNGExecutor.java:122)
	at org.apache.maven.surefire.testng.TestNGXmlTestSuite.execute(TestNGXmlTestSuite.java:92)
	at org.apache.maven.surefire.testng.TestNGProvider.invoke(TestNGProvider.java:101)
	at sun.reflect.NativeMethodAccessorImpl.invoke0(Native Method)
	at sun.reflect.NativeMethodAccessorImpl.invoke(NativeMethodAccessorImpl.java:62)
	at sun.reflect.DelegatingMethodAccessorImpl.invoke(DelegatingMethodAccessorImpl.java:43)
	at java.lang.reflect.Method.invoke(Method.java:498)
	... 5 more
</failure>
    <system-out>[ConfigurationManager] - ISFW build info: {qaf-Type=core, qaf-Revision=12-RC3, qaf-Version=2.1, qaf-Build-Time=06-Aug-2017 11:49:43}
[ConfigurationManager] - Resource dir: C:\QmetryWorkSpace\practice-flipkart\resources. Found property files to load: 3
[ConfigurationManager] - Resource dir: C:\QmetryWorkSpace\practice-flipkart\resources. Found property files to load: 0
include groups []
 exclude groups: [] Scanarios location: null 
[QAFTestBase] - Initializing Driver...browser_str:appiumDriver,base_url:http://localhost:4723/wd/hub,sel_server:localhost,port:4723
[UiDriverFactory] - Driver: appiumDriver
driver init done
[WebDriverCommandLogger] - Executing findElement parameters: {&quot;using&quot;:&quot;xpath&quot;,&quot;value&quot;:&quot;android.widget.Button&quot;}
[WebDriverCommandLogger] - command: findElement[ param-1: {value=android.widget.Button, using=xpath}] Result: An element could not be located on the page using the given search parameters. (WARNING: The server did not provide any stacktrace information)
Command duration or timeout: 778 milliseconds
For documentation on this error, please visit: http://seleniumhq.org/exceptions/no_such_element.html
Build info: version: &apos;2.53.0&apos;, revision: &apos;35ae25b1534ae328c771e0856c93e187490ca824&apos;, time: &apos;2016-03-15 10:43:46&apos;
System info: host: &apos;ICPL11492&apos;, ip: &apos;192.168.238.2&apos;, os.name: &apos;Windows 10&apos;, os.arch: &apos;amd64&apos;, os.version: &apos;10.0&apos;, java.version: &apos;1.8.0_144&apos;
Driver info: com.qmetry.qaf.automation.ui.webdriver.QAFExtendedWebDriver
Capabilities [{appPackage=com.flipkart.android, deviceScreenSize=768x1280, networkConnectionEnabled=true, warnings={}, databaseEnabled=false, deviceName=192.168.238.101:5555, platform=LINUX, deviceUDID=192.168.238.101:5555, appActivity=com.flipkart.android.activity.HomeFragmentHolderActivity, browser_name=, desired={appPackage=com.flipkart.android, appActivity=com.flipkart.android.activity.HomeFragmentHolderActivity, browser_name=, appium-version=4.1.2, newCommandTimeout=120, automationName=appium, takesScreenshot=true, javascriptEnabled=true, driver.class=io.appium.java_client.android.AndroidDriver, platformName=Android, deviceName=192.168.238.101:5555, cssSelectorsEnabled=true}, appium-version=4.1.2, newCommandTimeout=120, platformVersion=6.0, webStorageEnabled=false, locationContextEnabled=false, automationName=appium, takesScreenshot=true, javascriptEnabled=true, driver.class=io.appium.java_client.android.AndroidDriver, deviceModel=Custom Phone - 6.0.0 - API 23 - 768x1280, platformName=Android, deviceManufacturer=Genymotion, cssSelectorsEnabled=true}]
Session ID: bb2cb9c3-1603-49b6-9276-04c37debec13
*** Element info: {Using=xpath, value=android.widget.Button}
[WebDriverCommandLogger] - Executing findElement parameters: {&quot;using&quot;:&quot;xpath&quot;,&quot;value&quot;:&quot;android.widget.Button&quot;}
[WebDriverCommandLogger] - command: findElement[ param-1: {value=android.widget.Button, using=xpath}] Result: An element could not be located on the page using the given search parameters. (WARNING: The server did not provide any stacktrace information)
Command duration or timeout: 94 milliseconds
For documentation on this error, please visit: http://seleniumhq.org/exceptions/no_such_element.html
Build info: version: &apos;2.53.0&apos;, revision: &apos;35ae25b1534ae328c771e0856c93e187490ca824&apos;, time: &apos;2016-03-15 10:43:46&apos;
System info: host: &apos;ICPL11492&apos;, ip: &apos;192.168.238.2&apos;, os.name: &apos;Windows 10&apos;, os.arch: &apos;amd64&apos;, os.version: &apos;10.0&apos;, java.version: &apos;1.8.0_144&apos;
Driver info: com.qmetry.qaf.automation.ui.webdriver.QAFExtendedWebDriver
Capabilities [{appPackage=com.flipkart.android, deviceScreenSize=768x1280, networkConnectionEnabled=true, warnings={}, databaseEnabled=false, deviceName=192.168.238.101:5555, platform=LINUX, deviceUDID=192.168.238.101:5555, appActivity=com.flipkart.android.activity.HomeFragmentHolderActivity, browser_name=, desired={appPackage=com.flipkart.android, appActivity=com.flipkart.android.activity.HomeFragmentHolderActivity, browser_name=, appium-version=4.1.2, newCommandTimeout=120, automationName=appium, takesScreenshot=true, javascriptEnabled=true, driver.class=io.appium.java_client.android.AndroidDriver, platformName=Android, deviceName=192.168.238.101:5555, cssSelectorsEnabled=true}, appium-version=4.1.2, newCommandTimeout=120, platformVersion=6.0, webStorageEnabled=false, locationContextEnabled=false, automationName=appium, takesScreenshot=true, javascriptEnabled=true, driver.class=io.appium.java_client.android.AndroidDriver, deviceModel=Custom Phone - 6.0.0 - API 23 - 768x1280, platformName=Android, deviceManufacturer=Genymotion, cssSelectorsEnabled=true}]
Session ID: bb2cb9c3-1603-49b6-9276-04c37debec13
*** Element info: {Using=xpath, value=android.widget.Button}
[WebDriverCommandLogger] - Executing findElement parameters: {&quot;using&quot;:&quot;xpath&quot;,&quot;value&quot;:&quot;android.widget.Button&quot;}
[WebDriverCommandLogger] - command: findElement[ param-1: {value=android.widget.Button, using=xpath}] Result: An element could not be located on the page using the given search parameters. (WARNING: The server did not provide any stacktrace information)
Command duration or timeout: 37 milliseconds
For documentation on this error, please visit: http://seleniumhq.org/exceptions/no_such_element.html
Build info: version: &apos;2.53.0&apos;, revision: &apos;35ae25b1534ae328c771e0856c93e187490ca824&apos;, time: &apos;2016-03-15 10:43:46&apos;
System info: host: &apos;ICPL11492&apos;, ip: &apos;192.168.238.2&apos;, os.name: &apos;Windows 10&apos;, os.arch: &apos;amd64&apos;, os.version: &apos;10.0&apos;, java.version: &apos;1.8.0_144&apos;
Driver info: com.qmetry.qaf.automation.ui.webdriver.QAFExtendedWebDriver
Capabilities [{appPackage=com.flipkart.android, deviceScreenSize=768x1280, networkConnectionEnabled=true, warnings={}, databaseEnabled=false, deviceName=192.168.238.101:5555, platform=LINUX, deviceUDID=192.168.238.101:5555, appActivity=com.flipkart.android.activity.HomeFragmentHolderActivity, browser_name=, desired={appPackage=com.flipkart.android, appActivity=com.flipkart.android.activity.HomeFragmentHolderActivity, browser_name=, appium-version=4.1.2, newCommandTimeout=120, automationName=appium, takesScreenshot=true, javascriptEnabled=true, driver.class=io.appium.java_client.android.AndroidDriver, platformName=Android, deviceName=192.168.238.101:5555, cssSelectorsEnabled=true}, appium-version=4.1.2, newCommandTimeout=120, platformVersion=6.0, webStorageEnabled=false, locationContextEnabled=false, automationName=appium, takesScreenshot=true, javascriptEnabled=true, driver.class=io.appium.java_client.android.AndroidDriver, deviceModel=Custom Phone - 6.0.0 - API 23 - 768x1280, platformName=Android, deviceManufacturer=Genymotion, cssSelectorsEnabled=true}]
Session ID: bb2cb9c3-1603-49b6-9276-04c37debec13
*** Element info: {Using=xpath, value=android.widget.Button}
[WebDriverCommandLogger] - Executing findElement parameters: {&quot;using&quot;:&quot;xpath&quot;,&quot;value&quot;:&quot;android.widget.Button&quot;}
[WebDriverCommandLogger] - command: findElement[ param-1: {value=android.widget.Button, using=xpath}] Result: An element could not be located on the page using the given search parameters. (WARNING: The server did not provide any stacktrace information)
Command duration or timeout: 63 milliseconds
For documentation on this error, please visit: http://seleniumhq.org/exceptions/no_such_element.html
Build info: version: &apos;2.53.0&apos;, revision: &apos;35ae25b1534ae328c771e0856c93e187490ca824&apos;, time: &apos;2016-03-15 10:43:46&apos;
System info: host: &apos;ICPL11492&apos;, ip: &apos;192.168.238.2&apos;, os.name: &apos;Windows 10&apos;, os.arch: &apos;amd64&apos;, os.version: &apos;10.0&apos;, java.version: &apos;1.8.0_144&apos;
Driver info: com.qmetry.qaf.automation.ui.webdriver.QAFExtendedWebDriver
Capabilities [{appPackage=com.flipkart.android, deviceScreenSize=768x1280, networkConnectionEnabled=true, warnings={}, databaseEnabled=false, deviceName=192.168.238.101:5555, platform=LINUX, deviceUDID=192.168.238.101:5555, appActivity=com.flipkart.android.activity.HomeFragmentHolderActivity, browser_name=, desired={appPackage=com.flipkart.android, appActivity=com.flipkart.android.activity.HomeFragmentHolderActivity, browser_name=, appium-version=4.1.2, newCommandTimeout=120, automationName=appium, takesScreenshot=true, javascriptEnabled=true, driver.class=io.appium.java_client.android.AndroidDriver, platformName=Android, deviceName=192.168.238.101:5555, cssSelectorsEnabled=true}, appium-version=4.1.2, newCommandTimeout=120, platformVersion=6.0, webStorageEnabled=false, locationContextEnabled=false, automationName=appium, takesScreenshot=true, javascriptEnabled=true, driver.class=io.appium.java_client.android.AndroidDriver, deviceModel=Custom Phone - 6.0.0 - API 23 - 768x1280, platformName=Android, deviceManufacturer=Genymotion, cssSelectorsEnabled=true}]
Session ID: bb2cb9c3-1603-49b6-9276-04c37debec13
*** Element info: {Using=xpath, value=android.widget.Button}
[WebDriverCommandLogger] - Executing findElement parameters: {&quot;using&quot;:&quot;xpath&quot;,&quot;value&quot;:&quot;android.widget.Button&quot;}
[WebDriverCommandLogger] - command: findElement[ param-1: {value=android.widget.Button, using=xpath}] Result: An element could not be located on the page using the given search parameters. (WARNING: The server did not provide any stacktrace information)
Command duration or timeout: 57 milliseconds
For documentation on this error, please visit: http://seleniumhq.org/exceptions/no_such_element.html
Build info: version: &apos;2.53.0&apos;, revision: &apos;35ae25b1534ae328c771e0856c93e187490ca824&apos;, time: &apos;2016-03-15 10:43:46&apos;
System info: host: &apos;ICPL11492&apos;, ip: &apos;192.168.238.2&apos;, os.name: &apos;Windows 10&apos;, os.arch: &apos;amd64&apos;, os.version: &apos;10.0&apos;, java.version: &apos;1.8.0_144&apos;
Driver info: com.qmetry.qaf.automation.ui.webdriver.QAFExtendedWebDriver
Capabilities [{appPackage=com.flipkart.android, deviceScreenSize=768x1280, networkConnectionEnabled=true, warnings={}, databaseEnabled=false, deviceName=192.168.238.101:5555, platform=LINUX, deviceUDID=192.168.238.101:5555, appActivity=com.flipkart.android.activity.HomeFragmentHolderActivity, browser_name=, desired={appPackage=com.flipkart.android, appActivity=com.flipkart.android.activity.HomeFragmentHolderActivity, browser_name=, appium-version=4.1.2, newCommandTimeout=120, automationName=appium, takesScreenshot=true, javascriptEnabled=true, driver.class=io.appium.java_client.android.AndroidDriver, platformName=Android, deviceName=192.168.238.101:5555, cssSelectorsEnabled=true}, appium-version=4.1.2, newCommandTimeout=120, platformVersion=6.0, webStorageEnabled=false, locationContextEnabled=false, automationName=appium, takesScreenshot=true, javascriptEnabled=true, driver.class=io.appium.java_client.android.AndroidDriver, deviceModel=Custom Phone - 6.0.0 - API 23 - 768x1280, platformName=Android, deviceManufacturer=Genymotion, cssSelectorsEnabled=true}]
Session ID: bb2cb9c3-1603-49b6-9276-04c37debec13
*** Element info: {Using=xpath, value=android.widget.Button}
[WebDriverCommandLogger] - Executing findElement parameters: {&quot;using&quot;:&quot;xpath&quot;,&quot;value&quot;:&quot;android.widget.Button&quot;}
[WebDriverCommandLogger] - command: findElement[ param-1: {value=android.widget.Button, using=xpath}] Result: An element could not be located on the page using the given search parameters. (WARNING: The server did not provide any stacktrace information)
Command duration or timeout: 35 milliseconds
For documentation on this error, please visit: http://seleniumhq.org/exceptions/no_such_element.html
Build info: version: &apos;2.53.0&apos;, revision: &apos;35ae25b1534ae328c771e0856c93e187490ca824&apos;, time: &apos;2016-03-15 10:43:46&apos;
System info: host: &apos;ICPL11492&apos;, ip: &apos;192.168.238.2&apos;, os.name: &apos;Windows 10&apos;, os.arch: &apos;amd64&apos;, os.version: &apos;10.0&apos;, java.version: &apos;1.8.0_144&apos;
Driver info: com.qmetry.qaf.automation.ui.webdriver.QAFExtendedWebDriver
Capabilities [{appPackage=com.flipkart.android, deviceScreenSize=768x1280, networkConnectionEnabled=true, warnings={}, databaseEnabled=false, deviceName=192.168.238.101:5555, platform=LINUX, deviceUDID=192.168.238.101:5555, appActivity=com.flipkart.android.activity.HomeFragmentHolderActivity, browser_name=, desired={appPackage=com.flipkart.android, appActivity=com.flipkart.android.activity.HomeFragmentHolderActivity, browser_name=, appium-version=4.1.2, newCommandTimeout=120, automationName=appium, takesScreenshot=true, javascriptEnabled=true, driver.class=io.appium.java_client.android.AndroidDriver, platformName=Android, deviceName=192.168.238.101:5555, cssSelectorsEnabled=true}, appium-version=4.1.2, newCommandTimeout=120, platformVersion=6.0, webStorageEnabled=false, locationContextEnabled=false, automationName=appium, takesScreenshot=true, javascriptEnabled=true, driver.class=io.appium.java_client.android.AndroidDriver, deviceModel=Custom Phone - 6.0.0 - API 23 - 768x1280, platformName=Android, deviceManufacturer=Genymotion, cssSelectorsEnabled=true}]
Session ID: bb2cb9c3-1603-49b6-9276-04c37debec13
*** Element info: {Using=xpath, value=android.widget.Button}
[WebDriverCommandLogger] - Executing findElement parameters: {&quot;using&quot;:&quot;xpath&quot;,&quot;value&quot;:&quot;android.widget.Button&quot;}
[WebDriverCommandLogger] - command: findElement[ param-1: {value=android.widget.Button, using=xpath}] Result: An element could not be located on the page using the given search parameters. (WARNING: The server did not provide any stacktrace information)
Command duration or timeout: 45 milliseconds
For documentation on this error, please visit: http://seleniumhq.org/exceptions/no_such_element.html
Build info: version: &apos;2.53.0&apos;, revision: &apos;35ae25b1534ae328c771e0856c93e187490ca824&apos;, time: &apos;2016-03-15 10:43:46&apos;
System info: host: &apos;ICPL11492&apos;, ip: &apos;192.168.238.2&apos;, os.name: &apos;Windows 10&apos;, os.arch: &apos;amd64&apos;, os.version: &apos;10.0&apos;, java.version: &apos;1.8.0_144&apos;
Driver info: com.qmetry.qaf.automation.ui.webdriver.QAFExtendedWebDriver
Capabilities [{appPackage=com.flipkart.android, deviceScreenSize=768x1280, networkConnectionEnabled=true, warnings={}, databaseEnabled=false, deviceName=192.168.238.101:5555, platform=LINUX, deviceUDID=192.168.238.101:5555, appActivity=com.flipkart.android.activity.HomeFragmentHolderActivity, browser_name=, desired={appPackage=com.flipkart.android, appActivity=com.flipkart.android.activity.HomeFragmentHolderActivity, browser_name=, appium-version=4.1.2, newCommandTimeout=120, automationName=appium, takesScreenshot=true, javascriptEnabled=true, driver.class=io.appium.java_client.android.AndroidDriver, platformName=Android, deviceName=192.168.238.101:5555, cssSelectorsEnabled=true}, appium-version=4.1.2, newCommandTimeout=120, platformVersion=6.0, webStorageEnabled=false, locationContextEnabled=false, automationName=appium, takesScreenshot=true, javascriptEnabled=true, driver.class=io.appium.java_client.android.AndroidDriver, deviceModel=Custom Phone - 6.0.0 - API 23 - 768x1280, platformName=Android, deviceManufacturer=Genymotion, cssSelectorsEnabled=true}]
Session ID: bb2cb9c3-1603-49b6-9276-04c37debec13
*** Element info: {Using=xpath, value=android.widget.Button}
[WebDriverCommandLogger] - Executing findElement parameters: {&quot;using&quot;:&quot;xpath&quot;,&quot;value&quot;:&quot;android.widget.Button&quot;}
[WebDriverCommandLogger] - command: findElement[ param-1: {value=android.widget.Button, using=xpath}] Result: An element could not be located on the page using the given search parameters. (WARNING: The server did not provide any stacktrace information)
Command duration or timeout: 52 milliseconds
For documentation on this error, please visit: http://seleniumhq.org/exceptions/no_such_element.html
Build info: version: &apos;2.53.0&apos;, revision: &apos;35ae25b1534ae328c771e0856c93e187490ca824&apos;, time: &apos;2016-03-15 10:43:46&apos;
System info: host: &apos;ICPL11492&apos;, ip: &apos;192.168.238.2&apos;, os.name: &apos;Windows 10&apos;, os.arch: &apos;amd64&apos;, os.version: &apos;10.0&apos;, java.version: &apos;1.8.0_144&apos;
Driver info: com.qmetry.qaf.automation.ui.webdriver.QAFExtendedWebDriver
Capabilities [{appPackage=com.flipkart.android, deviceScreenSize=768x1280, networkConnectionEnabled=true, warnings={}, databaseEnabled=false, deviceName=192.168.238.101:5555, platform=LINUX, deviceUDID=192.168.238.101:5555, appActivity=com.flipkart.android.activity.HomeFragmentHolderActivity, browser_name=, desired={appPackage=com.flipkart.android, appActivity=com.flipkart.android.activity.HomeFragmentHolderActivity, browser_name=, appium-version=4.1.2, newCommandTimeout=120, automationName=appium, takesScreenshot=true, javascriptEnabled=true, driver.class=io.appium.java_client.android.AndroidDriver, platformName=Android, deviceName=192.168.238.101:5555, cssSelectorsEnabled=true}, appium-version=4.1.2, newCommandTimeout=120, platformVersion=6.0, webStorageEnabled=false, locationContextEnabled=false, automationName=appium, takesScreenshot=true, javascriptEnabled=true, driver.class=io.appium.java_client.android.AndroidDriver, deviceModel=Custom Phone - 6.0.0 - API 23 - 768x1280, platformName=Android, deviceManufacturer=Genymotion, cssSelectorsEnabled=true}]
Session ID: bb2cb9c3-1603-49b6-9276-04c37debec13
*** Element info: {Using=xpath, value=android.widget.Button}
[WebDriverCommandLogger] - Executing findElement parameters: {&quot;using&quot;:&quot;xpath&quot;,&quot;value&quot;:&quot;android.widget.Button&quot;}
[WebDriverCommandLogger] - command: findElement[ param-1: {value=android.widget.Button, using=xpath}] Result: An element could not be located on the page using the given search parameters. (WARNING: The server did not provide any stacktrace information)
Command duration or timeout: 62 milliseconds
For documentation on this error, please visit: http://seleniumhq.org/exceptions/no_such_element.html
Build info: version: &apos;2.53.0&apos;, revision: &apos;35ae25b1534ae328c771e0856c93e187490ca824&apos;, time: &apos;2016-03-15 10:43:46&apos;
System info: host: &apos;ICPL11492&apos;, ip: &apos;192.168.238.2&apos;, os.name: &apos;Windows 10&apos;, os.arch: &apos;amd64&apos;, os.version: &apos;10.0&apos;, java.version: &apos;1.8.0_144&apos;
Driver info: com.qmetry.qaf.automation.ui.webdriver.QAFExtendedWebDriver
Capabilities [{appPackage=com.flipkart.android, deviceScreenSize=768x1280, networkConnectionEnabled=true, warnings={}, databaseEnabled=false, deviceName=192.168.238.101:5555, platform=LINUX, deviceUDID=192.168.238.101:5555, appActivity=com.flipkart.android.activity.HomeFragmentHolderActivity, browser_name=, desired={appPackage=com.flipkart.android, appActivity=com.flipkart.android.activity.HomeFragmentHolderActivity, browser_name=, appium-version=4.1.2, newCommandTimeout=120, automationName=appium, takesScreenshot=true, javascriptEnabled=true, driver.class=io.appium.java_client.android.AndroidDriver, platformName=Android, deviceName=192.168.238.101:5555, cssSelectorsEnabled=true}, appium-version=4.1.2, newCommandTimeout=120, platformVersion=6.0, webStorageEnabled=false, locationContextEnabled=false, automationName=appium, takesScreenshot=true, javascriptEnabled=true, driver.class=io.appium.java_client.android.AndroidDriver, deviceModel=Custom Phone - 6.0.0 - API 23 - 768x1280, platformName=Android, deviceManufacturer=Genymotion, cssSelectorsEnabled=true}]
Session ID: bb2cb9c3-1603-49b6-9276-04c37debec13
*** Element info: {Using=xpath, value=android.widget.Button}
[WebDriverCommandLogger] - Executing findElement parameters: {&quot;using&quot;:&quot;xpath&quot;,&quot;value&quot;:&quot;android.widget.Button&quot;}
[WebDriverCommandLogger] - command: findElement[ param-1: {value=android.widget.Button, using=xpath}] Result: An element could not be located on the page using the given search parameters. (WARNING: The server did not provide any stacktrace information)
Command duration or timeout: 63 milliseconds
For documentation on this error, please visit: http://seleniumhq.org/exceptions/no_such_element.html
Build info: version: &apos;2.53.0&apos;, revision: &apos;35ae25b1534ae328c771e0856c93e187490ca824&apos;, time: &apos;2016-03-15 10:43:46&apos;
System info: host: &apos;ICPL11492&apos;, ip: &apos;192.168.238.2&apos;, os.name: &apos;Windows 10&apos;, os.arch: &apos;amd64&apos;, os.version: &apos;10.0&apos;, java.version: &apos;1.8.0_144&apos;
Driver info: com.qmetry.qaf.automation.ui.webdriver.QAFExtendedWebDriver
Capabilities [{appPackage=com.flipkart.android, deviceScreenSize=768x1280, networkConnectionEnabled=true, warnings={}, databaseEnabled=false, deviceName=192.168.238.101:5555, platform=LINUX, deviceUDID=192.168.238.101:5555, appActivity=com.flipkart.android.activity.HomeFragmentHolderActivity, browser_name=, desired={appPackage=com.flipkart.android, appActivity=com.flipkart.android.activity.HomeFragmentHolderActivity, browser_name=, appium-version=4.1.2, newCommandTimeout=120, automationName=appium, takesScreenshot=true, javascriptEnabled=true, driver.class=io.appium.java_client.android.AndroidDriver, platformName=Android, deviceName=192.168.238.101:5555, cssSelectorsEnabled=true}, appium-version=4.1.2, newCommandTimeout=120, platformVersion=6.0, webStorageEnabled=false, locationContextEnabled=false, automationName=appium, takesScreenshot=true, javascriptEnabled=true, driver.class=io.appium.java_client.android.AndroidDriver, deviceModel=Custom Phone - 6.0.0 - API 23 - 768x1280, platformName=Android, deviceManufacturer=Genymotion, cssSelectorsEnabled=true}]
Session ID: bb2cb9c3-1603-49b6-9276-04c37debec13
*** Element info: {Using=xpath, value=android.widget.Button}
[WebDriverCommandLogger] - Executing findElement parameters: {&quot;using&quot;:&quot;xpath&quot;,&quot;value&quot;:&quot;android.widget.Button&quot;}
[WebDriverCommandLogger] - command: findElement[ param-1: {value=android.widget.Button, using=xpath}] Result: An element could not be located on the page using the given search parameters. (WARNING: The server did not provide any stacktrace information)
Command duration or timeout: 51 milliseconds
For documentation on this error, please visit: http://seleniumhq.org/exceptions/no_such_element.html
Build info: version: &apos;2.53.0&apos;, revision: &apos;35ae25b1534ae328c771e0856c93e187490ca824&apos;, time: &apos;2016-03-15 10:43:46&apos;
System info: host: &apos;ICPL11492&apos;, ip: &apos;192.168.238.2&apos;, os.name: &apos;Windows 10&apos;, os.arch: &apos;amd64&apos;, os.version: &apos;10.0&apos;, java.version: &apos;1.8.0_144&apos;
Driver info: com.qmetry.qaf.automation.ui.webdriver.QAFExtendedWebDriver
Capabilities [{appPackage=com.flipkart.android, deviceScreenSize=768x1280, networkConnectionEnabled=true, warnings={}, databaseEnabled=false, deviceName=192.168.238.101:5555, platform=LINUX, deviceUDID=192.168.238.101:5555, appActivity=com.flipkart.android.activity.HomeFragmentHolderActivity, browser_name=, desired={appPackage=com.flipkart.android, appActivity=com.flipkart.android.activity.HomeFragmentHolderActivity, browser_name=, appium-version=4.1.2, newCommandTimeout=120, automationName=appium, takesScreenshot=true, javascriptEnabled=true, driver.class=io.appium.java_client.android.AndroidDriver, platformName=Android, deviceName=192.168.238.101:5555, cssSelectorsEnabled=true}, appium-version=4.1.2, newCommandTimeout=120, platformVersion=6.0, webStorageEnabled=false, locationContextEnabled=false, automationName=appium, takesScreenshot=true, javascriptEnabled=true, driver.class=io.appium.java_client.android.AndroidDriver, deviceModel=Custom Phone - 6.0.0 - API 23 - 768x1280, platformName=Android, deviceManufacturer=Genymotion, cssSelectorsEnabled=true}]
Session ID: bb2cb9c3-1603-49b6-9276-04c37debec13
*** Element info: {Using=xpath, value=android.widget.Button}
[WebDriverCommandLogger] - Executing findElement parameters: {&quot;using&quot;:&quot;xpath&quot;,&quot;value&quot;:&quot;android.widget.Button&quot;}
[WebDriverCommandLogger] - command: findElement[ param-1: {value=android.widget.Button, using=xpath}] Result: An element could not be located on the page using the given search parameters. (WARNING: The server did not provide any stacktrace information)
Command duration or timeout: 74 milliseconds
For documentation on this error, please visit: http://seleniumhq.org/exceptions/no_such_element.html
Build info: version: &apos;2.53.0&apos;, revision: &apos;35ae25b1534ae328c771e0856c93e187490ca824&apos;, time: &apos;2016-03-15 10:43:46&apos;
System info: host: &apos;ICPL11492&apos;, ip: &apos;192.168.238.2&apos;, os.name: &apos;Windows 10&apos;, os.arch: &apos;amd64&apos;, os.version: &apos;10.0&apos;, java.version: &apos;1.8.0_144&apos;
Driver info: com.qmetry.qaf.automation.ui.webdriver.QAFExtendedWebDriver
Capabilities [{appPackage=com.flipkart.android, deviceScreenSize=768x1280, networkConnectionEnabled=true, warnings={}, databaseEnabled=false, deviceName=192.168.238.101:5555, platform=LINUX, deviceUDID=192.168.238.101:5555, appActivity=com.flipkart.android.activity.HomeFragmentHolderActivity, browser_name=, desired={appPackage=com.flipkart.android, appActivity=com.flipkart.android.activity.HomeFragmentHolderActivity, browser_name=, appium-version=4.1.2, newCommandTimeout=120, automationName=appium, takesScreenshot=true, javascriptEnabled=true, driver.class=io.appium.java_client.android.AndroidDriver, platformName=Android, deviceName=192.168.238.101:5555, cssSelectorsEnabled=true}, appium-version=4.1.2, newCommandTimeout=120, platformVersion=6.0, webStorageEnabled=false, locationContextEnabled=false, automationName=appium, takesScreenshot=true, javascriptEnabled=true, driver.class=io.appium.java_client.android.AndroidDriver, deviceModel=Custom Phone - 6.0.0 - API 23 - 768x1280, platformName=Android, deviceManufacturer=Genymotion, cssSelectorsEnabled=true}]
Session ID: bb2cb9c3-1603-49b6-9276-04c37debec13
*** Element info: {Using=xpath, value=android.widget.Button}
[WebDriverCommandLogger] - Executing findElement parameters: {&quot;using&quot;:&quot;xpath&quot;,&quot;value&quot;:&quot;android.widget.Button&quot;}
[WebDriverCommandLogger] - command: findElement[ param-1: {value=android.widget.Button, using=xpath}] Result: An element could not be located on the page using the given search parameters. (WARNING: The server did not provide any stacktrace information)
Command duration or timeout: 39 milliseconds
For documentation on this error, please visit: http://seleniumhq.org/exceptions/no_such_element.html
Build info: version: &apos;2.53.0&apos;, revision: &apos;35ae25b1534ae328c771e0856c93e187490ca824&apos;, time: &apos;2016-03-15 10:43:46&apos;
System info: host: &apos;ICPL11492&apos;, ip: &apos;192.168.238.2&apos;, os.name: &apos;Windows 10&apos;, os.arch: &apos;amd64&apos;, os.version: &apos;10.0&apos;, java.version: &apos;1.8.0_144&apos;
Driver info: com.qmetry.qaf.automation.ui.webdriver.QAFExtendedWebDriver
Capabilities [{appPackage=com.flipkart.android, deviceScreenSize=768x1280, networkConnectionEnabled=true, warnings={}, databaseEnabled=false, deviceName=192.168.238.101:5555, platform=LINUX, deviceUDID=192.168.238.101:5555, appActivity=com.flipkart.android.activity.HomeFragmentHolderActivity, browser_name=, desired={appPackage=com.flipkart.android, appActivity=com.flipkart.android.activity.HomeFragmentHolderActivity, browser_name=, appium-version=4.1.2, newCommandTimeout=120, automationName=appium, takesScreenshot=true, javascriptEnabled=true, driver.class=io.appium.java_client.android.AndroidDriver, platformName=Android, deviceName=192.168.238.101:5555, cssSelectorsEnabled=true}, appium-version=4.1.2, newCommandTimeout=120, platformVersion=6.0, webStorageEnabled=false, locationContextEnabled=false, automationName=appium, takesScreenshot=true, javascriptEnabled=true, driver.class=io.appium.java_client.android.AndroidDriver, deviceModel=Custom Phone - 6.0.0 - API 23 - 768x1280, platformName=Android, deviceManufacturer=Genymotion, cssSelectorsEnabled=true}]
Session ID: bb2cb9c3-1603-49b6-9276-04c37debec13
*** Element info: {Using=xpath, value=android.widget.Button}
[WebDriverCommandLogger] - Executing findElement parameters: {&quot;using&quot;:&quot;xpath&quot;,&quot;value&quot;:&quot;android.widget.Button&quot;}
[WebDriverCommandLogger] - command: findElement[ param-1: {value=android.widget.Button, using=xpath}] Result: An element could not be located on the page using the given search parameters. (WARNING: The server did not provide any stacktrace information)
Command duration or timeout: 57 milliseconds
For documentation on this error, please visit: http://seleniumhq.org/exceptions/no_such_element.html
Build info: version: &apos;2.53.0&apos;, revision: &apos;35ae25b1534ae328c771e0856c93e187490ca824&apos;, time: &apos;2016-03-15 10:43:46&apos;
System info: host: &apos;ICPL11492&apos;, ip: &apos;192.168.238.2&apos;, os.name: &apos;Windows 10&apos;, os.arch: &apos;amd64&apos;, os.version: &apos;10.0&apos;, java.version: &apos;1.8.0_144&apos;
Driver info: com.qmetry.qaf.automation.ui.webdriver.QAFExtendedWebDriver
Capabilities [{appPackage=com.flipkart.android, deviceScreenSize=768x1280, networkConnectionEnabled=true, warnings={}, databaseEnabled=false, deviceName=192.168.238.101:5555, platform=LINUX, deviceUDID=192.168.238.101:5555, appActivity=com.flipkart.android.activity.HomeFragmentHolderActivity, browser_name=, desired={appPackage=com.flipkart.android, appActivity=com.flipkart.android.activity.HomeFragmentHolderActivity, browser_name=, appium-version=4.1.2, newCommandTimeout=120, automationName=appium, takesScreenshot=true, javascriptEnabled=true, driver.class=io.appium.java_client.android.AndroidDriver, platformName=Android, deviceName=192.168.238.101:5555, cssSelectorsEnabled=true}, appium-version=4.1.2, newCommandTimeout=120, platformVersion=6.0, webStorageEnabled=false, locationContextEnabled=false, automationName=appium, takesScreenshot=true, javascriptEnabled=true, driver.class=io.appium.java_client.android.AndroidDriver, deviceModel=Custom Phone - 6.0.0 - API 23 - 768x1280, platformName=Android, deviceManufacturer=Genymotion, cssSelectorsEnabled=true}]
Session ID: bb2cb9c3-1603-49b6-9276-04c37debec13
*** Element info: {Using=xpath, value=android.widget.Button}
[WebDriverCommandLogger] - Executing findElement parameters: {&quot;using&quot;:&quot;xpath&quot;,&quot;value&quot;:&quot;android.widget.Button&quot;}
[WebDriverCommandLogger] - command: findElement[ param-1: {value=android.widget.Button, using=xpath}] Result: An element could not be located on the page using the given search parameters. (WARNING: The server did not provide any stacktrace information)
Command duration or timeout: 55 milliseconds
For documentation on this error, please visit: http://seleniumhq.org/exceptions/no_such_element.html
Build info: version: &apos;2.53.0&apos;, revision: &apos;35ae25b1534ae328c771e0856c93e187490ca824&apos;, time: &apos;2016-03-15 10:43:46&apos;
System info: host: &apos;ICPL11492&apos;, ip: &apos;192.168.238.2&apos;, os.name: &apos;Windows 10&apos;, os.arch: &apos;amd64&apos;, os.version: &apos;10.0&apos;, java.version: &apos;1.8.0_144&apos;
Driver info: com.qmetry.qaf.automation.ui.webdriver.QAFExtendedWebDriver
Capabilities [{appPackage=com.flipkart.android, deviceScreenSize=768x1280, networkConnectionEnabled=true, warnings={}, databaseEnabled=false, deviceName=192.168.238.101:5555, platform=LINUX, deviceUDID=192.168.238.101:5555, appActivity=com.flipkart.android.activity.HomeFragmentHolderActivity, browser_name=, desired={appPackage=com.flipkart.android, appActivity=com.flipkart.android.activity.HomeFragmentHolderActivity, browser_name=, appium-version=4.1.2, newCommandTimeout=120, automationName=appium, takesScreenshot=true, javascriptEnabled=true, driver.class=io.appium.java_client.android.AndroidDriver, platformName=Android, deviceName=192.168.238.101:5555, cssSelectorsEnabled=true}, appium-version=4.1.2, newCommandTimeout=120, platformVersion=6.0, webStorageEnabled=false, locationContextEnabled=false, automationName=appium, takesScreenshot=true, javascriptEnabled=true, driver.class=io.appium.java_client.android.AndroidDriver, deviceModel=Custom Phone - 6.0.0 - API 23 - 768x1280, platformName=Android, deviceManufacturer=Genymotion, cssSelectorsEnabled=true}]
Session ID: bb2cb9c3-1603-49b6-9276-04c37debec13
*** Element info: {Using=xpath, value=android.widget.Button}
[WebDriverCommandLogger] - Executing findElement parameters: {&quot;using&quot;:&quot;xpath&quot;,&quot;value&quot;:&quot;android.widget.Button&quot;}
[WebDriverCommandLogger] - command: findElement[ param-1: {value=android.widget.Button, using=xpath}] Result: An element could not be located on the page using the given search parameters. (WARNING: The server did not provide any stacktrace information)
Command duration or timeout: 52 milliseconds
For documentation on this error, please visit: http://seleniumhq.org/exceptions/no_such_element.html
Build info: version: &apos;2.53.0&apos;, revision: &apos;35ae25b1534ae328c771e0856c93e187490ca824&apos;, time: &apos;2016-03-15 10:43:46&apos;
System info: host: &apos;ICPL11492&apos;, ip: &apos;192.168.238.2&apos;, os.name: &apos;Windows 10&apos;, os.arch: &apos;amd64&apos;, os.version: &apos;10.0&apos;, java.version: &apos;1.8.0_144&apos;
Driver info: com.qmetry.qaf.automation.ui.webdriver.QAFExtendedWebDriver
Capabilities [{appPackage=com.flipkart.android, deviceScreenSize=768x1280, networkConnectionEnabled=true, warnings={}, databaseEnabled=false, deviceName=192.168.238.101:5555, platform=LINUX, deviceUDID=192.168.238.101:5555, appActivity=com.flipkart.android.activity.HomeFragmentHolderActivity, browser_name=, desired={appPackage=com.flipkart.android, appActivity=com.flipkart.android.activity.HomeFragmentHolderActivity, browser_name=, appium-version=4.1.2, newCommandTimeout=120, automationName=appium, takesScreenshot=true, javascriptEnabled=true, driver.class=io.appium.java_client.android.AndroidDriver, platformName=Android, deviceName=192.168.238.101:5555, cssSelectorsEnabled=true}, appium-version=4.1.2, newCommandTimeout=120, platformVersion=6.0, webStorageEnabled=false, locationContextEnabled=false, automationName=appium, takesScreenshot=true, javascriptEnabled=true, driver.class=io.appium.java_client.android.AndroidDriver, deviceModel=Custom Phone - 6.0.0 - API 23 - 768x1280, platformName=Android, deviceManufacturer=Genymotion, cssSelectorsEnabled=true}]
Session ID: bb2cb9c3-1603-49b6-9276-04c37debec13
*** Element info: {Using=xpath, value=android.widget.Button}
[WebDriverCommandLogger] - Executing findElement parameters: {&quot;using&quot;:&quot;xpath&quot;,&quot;value&quot;:&quot;android.widget.Button&quot;}
[WebDriverCommandLogger] - command: findElement[ param-1: {value=android.widget.Button, using=xpath}] Result: An element could not be located on the page using the given search parameters. (WARNING: The server did not provide any stacktrace information)
Command duration or timeout: 186 milliseconds
For documentation on this error, please visit: http://seleniumhq.org/exceptions/no_such_element.html
Build info: version: &apos;2.53.0&apos;, revision: &apos;35ae25b1534ae328c771e0856c93e187490ca824&apos;, time: &apos;2016-03-15 10:43:46&apos;
System info: host: &apos;ICPL11492&apos;, ip: &apos;192.168.238.2&apos;, os.name: &apos;Windows 10&apos;, os.arch: &apos;amd64&apos;, os.version: &apos;10.0&apos;, java.version: &apos;1.8.0_144&apos;
Driver info: com.qmetry.qaf.automation.ui.webdriver.QAFExtendedWebDriver
Capabilities [{appPackage=com.flipkart.android, deviceScreenSize=768x1280, networkConnectionEnabled=true, warnings={}, databaseEnabled=false, deviceName=192.168.238.101:5555, platform=LINUX, deviceUDID=192.168.238.101:5555, appActivity=com.flipkart.android.activity.HomeFragmentHolderActivity, browser_name=, desired={appPackage=com.flipkart.android, appActivity=com.flipkart.android.activity.HomeFragmentHolderActivity, browser_name=, appium-version=4.1.2, newCommandTimeout=120, automationName=appium, takesScreenshot=true, javascriptEnabled=true, driver.class=io.appium.java_client.android.AndroidDriver, platformName=Android, deviceName=192.168.238.101:5555, cssSelectorsEnabled=true}, appium-version=4.1.2, newCommandTimeout=120, platformVersion=6.0, webStorageEnabled=false, locationContextEnabled=false, automationName=appium, takesScreenshot=true, javascriptEnabled=true, driver.class=io.appium.java_client.android.AndroidDriver, deviceModel=Custom Phone - 6.0.0 - API 23 - 768x1280, platformName=Android, deviceManufacturer=Genymotion, cssSelectorsEnabled=true}]
Session ID: bb2cb9c3-1603-49b6-9276-04c37debec13
*** Element info: {Using=xpath, value=android.widget.Button}
[WebDriverCommandLogger] - Executing findElement parameters: {&quot;using&quot;:&quot;xpath&quot;,&quot;value&quot;:&quot;android.widget.Button&quot;}
[WebDriverCommandLogger] - command: findElement[ param-1: {value=android.widget.Button, using=xpath}] Result: An element could not be located on the page using the given search parameters. (WARNING: The server did not provide any stacktrace information)
Command duration or timeout: 59 milliseconds
For documentation on this error, please visit: http://seleniumhq.org/exceptions/no_such_element.html
Build info: version: &apos;2.53.0&apos;, revision: &apos;35ae25b1534ae328c771e0856c93e187490ca824&apos;, time: &apos;2016-03-15 10:43:46&apos;
System info: host: &apos;ICPL11492&apos;, ip: &apos;192.168.238.2&apos;, os.name: &apos;Windows 10&apos;, os.arch: &apos;amd64&apos;, os.version: &apos;10.0&apos;, java.version: &apos;1.8.0_144&apos;
Driver info: com.qmetry.qaf.automation.ui.webdriver.QAFExtendedWebDriver
Capabilities [{appPackage=com.flipkart.android, deviceScreenSize=768x1280, networkConnectionEnabled=true, warnings={}, databaseEnabled=false, deviceName=192.168.238.101:5555, platform=LINUX, deviceUDID=192.168.238.101:5555, appActivity=com.flipkart.android.activity.HomeFragmentHolderActivity, browser_name=, desired={appPackage=com.flipkart.android, appActivity=com.flipkart.android.activity.HomeFragmentHolderActivity, browser_name=, appium-version=4.1.2, newCommandTimeout=120, automationName=appium, takesScreenshot=true, javascriptEnabled=true, driver.class=io.appium.java_client.android.AndroidDriver, platformName=Android, deviceName=192.168.238.101:5555, cssSelectorsEnabled=true}, appium-version=4.1.2, newCommandTimeout=120, platformVersion=6.0, webStorageEnabled=false, locationContextEnabled=false, automationName=appium, takesScreenshot=true, javascriptEnabled=true, driver.class=io.appium.java_client.android.AndroidDriver, deviceModel=Custom Phone - 6.0.0 - API 23 - 768x1280, platformName=Android, deviceManufacturer=Genymotion, cssSelectorsEnabled=true}]
Session ID: bb2cb9c3-1603-49b6-9276-04c37debec13
*** Element info: {Using=xpath, value=android.widget.Button}
[WebDriverCommandLogger] - Executing findElement parameters: {&quot;using&quot;:&quot;xpath&quot;,&quot;value&quot;:&quot;android.widget.Button&quot;}
[WebDriverCommandLogger] - command: findElement[ param-1: {value=android.widget.Button, using=xpath}] Result: An element could not be located on the page using the given search parameters. (WARNING: The server did not provide any stacktrace information)
Command duration or timeout: 50 milliseconds
For documentation on this error, please visit: http://seleniumhq.org/exceptions/no_such_element.html
Build info: version: &apos;2.53.0&apos;, revision: &apos;35ae25b1534ae328c771e0856c93e187490ca824&apos;, time: &apos;2016-03-15 10:43:46&apos;
System info: host: &apos;ICPL11492&apos;, ip: &apos;192.168.238.2&apos;, os.name: &apos;Windows 10&apos;, os.arch: &apos;amd64&apos;, os.version: &apos;10.0&apos;, java.version: &apos;1.8.0_144&apos;
Driver info: com.qmetry.qaf.automation.ui.webdriver.QAFExtendedWebDriver
Capabilities [{appPackage=com.flipkart.android, deviceScreenSize=768x1280, networkConnectionEnabled=true, warnings={}, databaseEnabled=false, deviceName=192.168.238.101:5555, platform=LINUX, deviceUDID=192.168.238.101:5555, appActivity=com.flipkart.android.activity.HomeFragmentHolderActivity, browser_name=, desired={appPackage=com.flipkart.android, appActivity=com.flipkart.android.activity.HomeFragmentHolderActivity, browser_name=, appium-version=4.1.2, newCommandTimeout=120, automationName=appium, takesScreenshot=true, javascriptEnabled=true, driver.class=io.appium.java_client.android.AndroidDriver, platformName=Android, deviceName=192.168.238.101:5555, cssSelectorsEnabled=true}, appium-version=4.1.2, newCommandTimeout=120, platformVersion=6.0, webStorageEnabled=false, locationContextEnabled=false, automationName=appium, takesScreenshot=true, javascriptEnabled=true, driver.class=io.appium.java_client.android.AndroidDriver, deviceModel=Custom Phone - 6.0.0 - API 23 - 768x1280, platformName=Android, deviceManufacturer=Genymotion, cssSelectorsEnabled=true}]
Session ID: bb2cb9c3-1603-49b6-9276-04c37debec13
*** Element info: {Using=xpath, value=android.widget.Button}
[WebDriverCommandLogger] - Executing findElement parameters: {&quot;using&quot;:&quot;xpath&quot;,&quot;value&quot;:&quot;android.widget.Button&quot;}
[WebDriverCommandLogger] - command: findElement[ param-1: {value=android.widget.Button, using=xpath}] Result: An element could not be located on the page using the given search parameters. (WARNING: The server did not provide any stacktrace information)
Command duration or timeout: 82 milliseconds
For documentation on this error, please visit: http://seleniumhq.org/exceptions/no_such_element.html
Build info: version: &apos;2.53.0&apos;, revision: &apos;35ae25b1534ae328c771e0856c93e187490ca824&apos;, time: &apos;2016-03-15 10:43:46&apos;
System info: host: &apos;ICPL11492&apos;, ip: &apos;192.168.238.2&apos;, os.name: &apos;Windows 10&apos;, os.arch: &apos;amd64&apos;, os.version: &apos;10.0&apos;, java.version: &apos;1.8.0_144&apos;
Driver info: com.qmetry.qaf.automation.ui.webdriver.QAFExtendedWebDriver
Capabilities [{appPackage=com.flipkart.android, deviceScreenSize=768x1280, networkConnectionEnabled=true, warnings={}, databaseEnabled=false, deviceName=192.168.238.101:5555, platform=LINUX, deviceUDID=192.168.238.101:5555, appActivity=com.flipkart.android.activity.HomeFragmentHolderActivity, browser_name=, desired={appPackage=com.flipkart.android, appActivity=com.flipkart.android.activity.HomeFragmentHolderActivity, browser_name=, appium-version=4.1.2, newCommandTimeout=120, automationName=appium, takesScreenshot=true, javascriptEnabled=true, driver.class=io.appium.java_client.android.AndroidDriver, platformName=Android, deviceName=192.168.238.101:5555, cssSelectorsEnabled=true}, appium-version=4.1.2, newCommandTimeout=120, platformVersion=6.0, webStorageEnabled=false, locationContextEnabled=false, automationName=appium, takesScreenshot=true, javascriptEnabled=true, driver.class=io.appium.java_client.android.AndroidDriver, deviceModel=Custom Phone - 6.0.0 - API 23 - 768x1280, platformName=Android, deviceManufacturer=Genymotion, cssSelectorsEnabled=true}]
Session ID: bb2cb9c3-1603-49b6-9276-04c37debec13
*** Element info: {Using=xpath, value=android.widget.Button}
[WebDriverCommandLogger] - Executing findElement parameters: {&quot;using&quot;:&quot;xpath&quot;,&quot;value&quot;:&quot;android.widget.Button&quot;}
[WebDriverCommandLogger] - command: findElement[ param-1: {value=android.widget.Button, using=xpath}] Result: An element could not be located on the page using the given search parameters. (WARNING: The server did not provide any stacktrace information)
Command duration or timeout: 82 milliseconds
For documentation on this error, please visit: http://seleniumhq.org/exceptions/no_such_element.html
Build info: version: &apos;2.53.0&apos;, revision: &apos;35ae25b1534ae328c771e0856c93e187490ca824&apos;, time: &apos;2016-03-15 10:43:46&apos;
System info: host: &apos;ICPL11492&apos;, ip: &apos;192.168.238.2&apos;, os.name: &apos;Windows 10&apos;, os.arch: &apos;amd64&apos;, os.version: &apos;10.0&apos;, java.version: &apos;1.8.0_144&apos;
Driver info: com.qmetry.qaf.automation.ui.webdriver.QAFExtendedWebDriver
Capabilities [{appPackage=com.flipkart.android, deviceScreenSize=768x1280, networkConnectionEnabled=true, warnings={}, databaseEnabled=false, deviceName=192.168.238.101:5555, platform=LINUX, deviceUDID=192.168.238.101:5555, appActivity=com.flipkart.android.activity.HomeFragmentHolderActivity, browser_name=, desired={appPackage=com.flipkart.android, appActivity=com.flipkart.android.activity.HomeFragmentHolderActivity, browser_name=, appium-version=4.1.2, newCommandTimeout=120, automationName=appium, takesScreenshot=true, javascriptEnabled=true, driver.class=io.appium.java_client.android.AndroidDriver, platformName=Android, deviceName=192.168.238.101:5555, cssSelectorsEnabled=true}, appium-version=4.1.2, newCommandTimeout=120, platformVersion=6.0, webStorageEnabled=false, locationContextEnabled=false, automationName=appium, takesScreenshot=true, javascriptEnabled=true, driver.class=io.appium.java_client.android.AndroidDriver, deviceModel=Custom Phone - 6.0.0 - API 23 - 768x1280, platformName=Android, deviceManufacturer=Genymotion, cssSelectorsEnabled=true}]
Session ID: bb2cb9c3-1603-49b6-9276-04c37debec13
*** Element info: {Using=xpath, value=android.widget.Button}
[WebDriverCommandLogger] - Executing findElement parameters: {&quot;using&quot;:&quot;xpath&quot;,&quot;value&quot;:&quot;android.widget.Button&quot;}
[WebDriverCommandLogger] - command: findElement[ param-1: {value=android.widget.Button, using=xpath}] Result: An element could not be located on the page using the given search parameters. (WARNING: The server did not provide any stacktrace information)
Command duration or timeout: 63 milliseconds
For documentation on this error, please visit: http://seleniumhq.org/exceptions/no_such_element.html
Build info: version: &apos;2.53.0&apos;, revision: &apos;35ae25b1534ae328c771e0856c93e187490ca824&apos;, time: &apos;2016-03-15 10:43:46&apos;
System info: host: &apos;ICPL11492&apos;, ip: &apos;192.168.238.2&apos;, os.name: &apos;Windows 10&apos;, os.arch: &apos;amd64&apos;, os.version: &apos;10.0&apos;, java.version: &apos;1.8.0_144&apos;
Driver info: com.qmetry.qaf.automation.ui.webdriver.QAFExtendedWebDriver
Capabilities [{appPackage=com.flipkart.android, deviceScreenSize=768x1280, networkConnectionEnabled=true, warnings={}, databaseEnabled=false, deviceName=192.168.238.101:5555, platform=LINUX, deviceUDID=192.168.238.101:5555, appActivity=com.flipkart.android.activity.HomeFragmentHolderActivity, browser_name=, desired={appPackage=com.flipkart.android, appActivity=com.flipkart.android.activity.HomeFragmentHolderActivity, browser_name=, appium-version=4.1.2, newCommandTimeout=120, automationName=appium, takesScreenshot=true, javascriptEnabled=true, driver.class=io.appium.java_client.android.AndroidDriver, platformName=Android, deviceName=192.168.238.101:5555, cssSelectorsEnabled=true}, appium-version=4.1.2, newCommandTimeout=120, platformVersion=6.0, webStorageEnabled=false, locationContextEnabled=false, automationName=appium, takesScreenshot=true, javascriptEnabled=true, driver.class=io.appium.java_client.android.AndroidDriver, deviceModel=Custom Phone - 6.0.0 - API 23 - 768x1280, platformName=Android, deviceManufacturer=Genymotion, cssSelectorsEnabled=true}]
Session ID: bb2cb9c3-1603-49b6-9276-04c37debec13
*** Element info: {Using=xpath, value=android.widget.Button}
[WebDriverCommandLogger] - Executing findElement parameters: {&quot;using&quot;:&quot;xpath&quot;,&quot;value&quot;:&quot;android.widget.Button&quot;}
[WebDriverCommandLogger] - command: findElement[ param-1: {value=android.widget.Button, using=xpath}] Result: An element could not be located on the page using the given search parameters. (WARNING: The server did not provide any stacktrace information)
Command duration or timeout: 2.01 seconds
For documentation on this error, please visit: http://seleniumhq.org/exceptions/no_such_element.html
Build info: version: &apos;2.53.0&apos;, revision: &apos;35ae25b1534ae328c771e0856c93e187490ca824&apos;, time: &apos;2016-03-15 10:43:46&apos;
System info: host: &apos;ICPL11492&apos;, ip: &apos;192.168.238.2&apos;, os.name: &apos;Windows 10&apos;, os.arch: &apos;amd64&apos;, os.version: &apos;10.0&apos;, java.version: &apos;1.8.0_144&apos;
Driver info: com.qmetry.qaf.automation.ui.webdriver.QAFExtendedWebDriver
Capabilities [{appPackage=com.flipkart.android, deviceScreenSize=768x1280, networkConnectionEnabled=true, warnings={}, databaseEnabled=false, deviceName=192.168.238.101:5555, platform=LINUX, deviceUDID=192.168.238.101:5555, appActivity=com.flipkart.android.activity.HomeFragmentHolderActivity, browser_name=, desired={appPackage=com.flipkart.android, appActivity=com.flipkart.android.activity.HomeFragmentHolderActivity, browser_name=, appium-version=4.1.2, newCommandTimeout=120, automationName=appium, takesScreenshot=true, javascriptEnabled=true, driver.class=io.appium.java_client.android.AndroidDriver, platformName=Android, deviceName=192.168.238.101:5555, cssSelectorsEnabled=true}, appium-version=4.1.2, newCommandTimeout=120, platformVersion=6.0, webStorageEnabled=false, locationContextEnabled=false, automationName=appium, takesScreenshot=true, javascriptEnabled=true, driver.class=io.appium.java_client.android.AndroidDriver, deviceModel=Custom Phone - 6.0.0 - API 23 - 768x1280, platformName=Android, deviceManufacturer=Genymotion, cssSelectorsEnabled=true}]
Session ID: bb2cb9c3-1603-49b6-9276-04c37debec13
*** Element info: {Using=xpath, value=android.widget.Button}
[WebDriverCommandLogger] - Executing findElement parameters: {&quot;using&quot;:&quot;xpath&quot;,&quot;value&quot;:&quot;android.widget.Button&quot;}
[WebDriverCommandLogger] - command: findElement[ param-1: {value=android.widget.Button, using=xpath}] Result: An element could not be located on the page using the given search parameters. (WARNING: The server did not provide any stacktrace information)
Command duration or timeout: 318 milliseconds
For documentation on this error, please visit: http://seleniumhq.org/exceptions/no_such_element.html
Build info: version: &apos;2.53.0&apos;, revision: &apos;35ae25b1534ae328c771e0856c93e187490ca824&apos;, time: &apos;2016-03-15 10:43:46&apos;
System info: host: &apos;ICPL11492&apos;, ip: &apos;192.168.238.2&apos;, os.name: &apos;Windows 10&apos;, os.arch: &apos;amd64&apos;, os.version: &apos;10.0&apos;, java.version: &apos;1.8.0_144&apos;
Driver info: com.qmetry.qaf.automation.ui.webdriver.QAFExtendedWebDriver
Capabilities [{appPackage=com.flipkart.android, deviceScreenSize=768x1280, networkConnectionEnabled=true, warnings={}, databaseEnabled=false, deviceName=192.168.238.101:5555, platform=LINUX, deviceUDID=192.168.238.101:5555, appActivity=com.flipkart.android.activity.HomeFragmentHolderActivity, browser_name=, desired={appPackage=com.flipkart.android, appActivity=com.flipkart.android.activity.HomeFragmentHolderActivity, browser_name=, appium-version=4.1.2, newCommandTimeout=120, automationName=appium, takesScreenshot=true, javascriptEnabled=true, driver.class=io.appium.java_client.android.AndroidDriver, platformName=Android, deviceName=192.168.238.101:5555, cssSelectorsEnabled=true}, appium-version=4.1.2, newCommandTimeout=120, platformVersion=6.0, webStorageEnabled=false, locationContextEnabled=false, automationName=appium, takesScreenshot=true, javascriptEnabled=true, driver.class=io.appium.java_client.android.AndroidDriver, deviceModel=Custom Phone - 6.0.0 - API 23 - 768x1280, platformName=Android, deviceManufacturer=Genymotion, cssSelectorsEnabled=true}]
Session ID: bb2cb9c3-1603-49b6-9276-04c37debec13
*** Element info: {Using=xpath, value=android.widget.Button}
[WebDriverCommandLogger] - Executing findElement parameters: {&quot;using&quot;:&quot;xpath&quot;,&quot;value&quot;:&quot;android.widget.Button&quot;}
[WebDriverCommandLogger] - command: findElement[ param-1: {value=android.widget.Button, using=xpath}] Result: An element could not be located on the page using the given search parameters. (WARNING: The server did not provide any stacktrace information)
Command duration or timeout: 230 milliseconds
For documentation on this error, please visit: http://seleniumhq.org/exceptions/no_such_element.html
Build info: version: &apos;2.53.0&apos;, revision: &apos;35ae25b1534ae328c771e0856c93e187490ca824&apos;, time: &apos;2016-03-15 10:43:46&apos;
System info: host: &apos;ICPL11492&apos;, ip: &apos;192.168.238.2&apos;, os.name: &apos;Windows 10&apos;, os.arch: &apos;amd64&apos;, os.version: &apos;10.0&apos;, java.version: &apos;1.8.0_144&apos;
Driver info: com.qmetry.qaf.automation.ui.webdriver.QAFExtendedWebDriver
Capabilities [{appPackage=com.flipkart.android, deviceScreenSize=768x1280, networkConnectionEnabled=true, warnings={}, databaseEnabled=false, deviceName=192.168.238.101:5555, platform=LINUX, deviceUDID=192.168.238.101:5555, appActivity=com.flipkart.android.activity.HomeFragmentHolderActivity, browser_name=, desired={appPackage=com.flipkart.android, appActivity=com.flipkart.android.activity.HomeFragmentHolderActivity, browser_name=, appium-version=4.1.2, newCommandTimeout=120, automationName=appium, takesScreenshot=true, javascriptEnabled=true, driver.class=io.appium.java_client.android.AndroidDriver, platformName=Android, deviceName=192.168.238.101:5555, cssSelectorsEnabled=true}, appium-version=4.1.2, newCommandTimeout=120, platformVersion=6.0, webStorageEnabled=false, locationContextEnabled=false, automationName=appium, takesScreenshot=true, javascriptEnabled=true, driver.class=io.appium.java_client.android.AndroidDriver, deviceModel=Custom Phone - 6.0.0 - API 23 - 768x1280, platformName=Android, deviceManufacturer=Genymotion, cssSelectorsEnabled=true}]
Session ID: bb2cb9c3-1603-49b6-9276-04c37debec13
*** Element info: {Using=xpath, value=android.widget.Button}
[WebDriverCommandLogger] - Executing findElement parameters: {&quot;using&quot;:&quot;xpath&quot;,&quot;value&quot;:&quot;android.widget.Button&quot;}
[WebDriverCommandLogger] - command: findElement[ param-1: {value=android.widget.Button, using=xpath}] Result: An element could not be located on the page using the given search parameters. (WARNING: The server did not provide any stacktrace information)
Command duration or timeout: 241 milliseconds
For documentation on this error, please visit: http://seleniumhq.org/exceptions/no_such_element.html
Build info: version: &apos;2.53.0&apos;, revision: &apos;35ae25b1534ae328c771e0856c93e187490ca824&apos;, time: &apos;2016-03-15 10:43:46&apos;
System info: host: &apos;ICPL11492&apos;, ip: &apos;192.168.238.2&apos;, os.name: &apos;Windows 10&apos;, os.arch: &apos;amd64&apos;, os.version: &apos;10.0&apos;, java.version: &apos;1.8.0_144&apos;
Driver info: com.qmetry.qaf.automation.ui.webdriver.QAFExtendedWebDriver
Capabilities [{appPackage=com.flipkart.android, deviceScreenSize=768x1280, networkConnectionEnabled=true, warnings={}, databaseEnabled=false, deviceName=192.168.238.101:5555, platform=LINUX, deviceUDID=192.168.238.101:5555, appActivity=com.flipkart.android.activity.HomeFragmentHolderActivity, browser_name=, desired={appPackage=com.flipkart.android, appActivity=com.flipkart.android.activity.HomeFragmentHolderActivity, browser_name=, appium-version=4.1.2, newCommandTimeout=120, automationName=appium, takesScreenshot=true, javascriptEnabled=true, driver.class=io.appium.java_client.android.AndroidDriver, platformName=Android, deviceName=192.168.238.101:5555, cssSelectorsEnabled=true}, appium-version=4.1.2, newCommandTimeout=120, platformVersion=6.0, webStorageEnabled=false, locationContextEnabled=false, automationName=appium, takesScreenshot=true, javascriptEnabled=true, driver.class=io.appium.java_client.android.AndroidDriver, deviceModel=Custom Phone - 6.0.0 - API 23 - 768x1280, platformName=Android, deviceManufacturer=Genymotion, cssSelectorsEnabled=true}]
Session ID: bb2cb9c3-1603-49b6-9276-04c37debec13
*** Element info: {Using=xpath, value=android.widget.Button}
[WebDriverCommandLogger] - command: clickElement[ param-1: By.xpath: android.widget.Button param-2: {&quot;id&quot;:&quot;-1&quot;}] Result: Timed out after 30 seconds waiting for presence of element located by: By.xpath: android.widget.Button
Build info: version: &apos;2.53.0&apos;, revision: &apos;35ae25b1534ae328c771e0856c93e187490ca824&apos;, time: &apos;2016-03-15 10:43:46&apos;
System info: host: &apos;ICPL11492&apos;, ip: &apos;192.168.238.2&apos;, os.name: &apos;Windows 10&apos;, os.arch: &apos;amd64&apos;, os.version: &apos;10.0&apos;, java.version: &apos;1.8.0_144&apos;
Driver info: driver.version: QAFExtendedWebDriver
[WebDriverCommandLogger] - Executing screenshot parameters: {}
[QAFTestBase] - Capturing screen shotFlipkart_17xzum4icdpb822870.png
</system-out>
    <system-err>log4j:WARN No such property [follow] in org.apache.log4j.FileAppender.
Unable to get class com.qmetry.qaf.automation.step.WsStep from jar /C:/Users/raviteja.palnati/.m2/repository/com/qmetry/qaf-support-ws/2.1.12-RC2/qaf-support-ws-2.1.12-RC2.jar
Feb 22, 2018 4:17:00 PM org.openqa.selenium.os.ProcessUtils killWinProcess
WARNING: Process refused to die after 10 seconds, and couldn&apos;t taskkill it
java.lang.NullPointerException: Unable to find executable for: taskkill
	at com.google.common.base.Preconditions.checkNotNull(Preconditions.java:251)
	at org.openqa.selenium.os.UnixProcess.&lt;init&gt;(UnixProcess.java:62)
	at org.openqa.selenium.os.CommandLine.&lt;init&gt;(CommandLine.java:38)
	at org.openqa.selenium.os.WindowsUtils.killPID(WindowsUtils.java:178)
	at org.openqa.selenium.os.ProcessUtils.killWinProcess(ProcessUtils.java:138)
	at org.openqa.selenium.os.ProcessUtils.killProcess(ProcessUtils.java:81)
	at org.openqa.selenium.os.UnixProcess$SeleniumWatchDog.destroyHarder(UnixProcess.java:247)
	at org.openqa.selenium.os.UnixProcess$SeleniumWatchDog.access$200(UnixProcess.java:201)
	at org.openqa.selenium.os.UnixProcess.destroy(UnixProcess.java:125)
	at org.openqa.selenium.os.CommandLine.destroy(CommandLine.java:155)
	at io.appium.java_client.service.local.AppiumServiceBuilder.findDefaultExecutable(AppiumServiceBuilder.java:215)
	at org.openqa.selenium.remote.service.DriverService$Builder.build(DriverService.java:296)
	at io.appium.java_client.service.local.AppiumDriverLocalService.buildService(AppiumDriverLocalService.java:74)
	at io.appium.java_client.service.local.AppiumDriverLocalService.buildDefaultService(AppiumDriverLocalService.java:70)
	at io.appium.java_client.AppiumDriver.&lt;init&gt;(AppiumDriver.java:174)
	at io.appium.java_client.android.AndroidDriver.&lt;init&gt;(AndroidDriver.java:179)
	at sun.reflect.NativeConstructorAccessorImpl.newInstance0(Native Method)
	at sun.reflect.NativeConstructorAccessorImpl.newInstance(NativeConstructorAccessorImpl.java:62)
	at sun.reflect.DelegatingConstructorAccessorImpl.newInstance(DelegatingConstructorAccessorImpl.java:45)
	at java.lang.reflect.Constructor.newInstance(Constructor.java:423)
	at com.qmetry.qaf.automation.ui.UiDriverFactory.getDriverObj(UiDriverFactory.java:250)
	at com.qmetry.qaf.automation.ui.UiDriverFactory.access$4(UiDriverFactory.java:245)
	at com.qmetry.qaf.automation.ui.UiDriverFactory$Browsers.getDriver(UiDriverFactory.java:428)
	at com.qmetry.qaf.automation.ui.UiDriverFactory$Browsers.access$6(UiDriverFactory.java:416)
	at com.qmetry.qaf.automation.ui.UiDriverFactory.getDriver(UiDriverFactory.java:228)
	at com.qmetry.qaf.automation.ui.UiDriverFactory.get(UiDriverFactory.java:94)
	at com.qmetry.qaf.automation.core.QAFTestBase$DriverInitExpectedCondition.apply(QAFTestBase.java:511)
	at com.qmetry.qaf.automation.core.QAFTestBase$DriverInitExpectedCondition.apply(QAFTestBase.java:1)
	at org.openqa.selenium.support.ui.FluentWait.until(FluentWait.java:238)
	at com.qmetry.qaf.automation.core.QAFTestBase.init(QAFTestBase.java:410)
	at com.qmetry.qaf.automation.core.QAFTestBase.getUiDriver(QAFTestBase.java:198)
	at com.qmetry.qaf.automation.ui.WebDriverTestBase.getDriver(WebDriverTestBase.java:47)
	at com.qmetry.qaf.automation.ui.WebDriverTestBase.getDriver(WebDriverTestBase.java:1)
	at com.qmetry.qaf.automation.ui.AbstractTestPage.&lt;init&gt;(AbstractTestPage.java:86)
	at com.qmetry.qaf.automation.ui.AbstractTestPage.&lt;init&gt;(AbstractTestPage.java:93)
	at com.qmetry.qaf.automation.ui.WebDriverBaseTestPage.&lt;init&gt;(WebDriverBaseTestPage.java:62)
	at com.qmetry.qaf.automation.ui.WebDriverBaseTestPage.&lt;init&gt;(WebDriverBaseTestPage.java:58)
	at com.page.FlipkartHomePageStep.&lt;init&gt;(FlipkartHomePageStep.java:10)
	at sun.reflect.NativeConstructorAccessorImpl.newInstance0(Native Method)
	at sun.reflect.NativeConstructorAccessorImpl.newInstance(NativeConstructorAccessorImpl.java:62)
	at sun.reflect.DelegatingConstructorAccessorImpl.newInstance(DelegatingConstructorAccessorImpl.java:45)
	at java.lang.reflect.Constructor.newInstance(Constructor.java:423)
	at java.lang.Class.newInstance(Class.java:442)
	at com.qmetry.qaf.automation.step.JavaStep.getClassInstance(JavaStep.java:311)
	at com.qmetry.qaf.automation.step.JavaStep.getStepProvider(JavaStep.java:190)
	at com.qmetry.qaf.automation.step.JavaStep.doExecute(JavaStep.java:153)
	at com.qmetry.qaf.automation.step.BaseTestStep.execute(BaseTestStep.java:149)
	at com.qmetry.qaf.automation.step.StringTestStep.execute(StringTestStep.java:134)
	at com.qmetry.qaf.automation.step.client.Scenario.execute(Scenario.java:167)
	at com.qmetry.qaf.automation.step.client.Scenario.scenario(Scenario.java:219)
	at sun.reflect.NativeMethodAccessorImpl.invoke0(Native Method)
	at sun.reflect.NativeMethodAccessorImpl.invoke(NativeMethodAccessorImpl.java:62)
	at sun.reflect.DelegatingMethodAccessorImpl.invoke(DelegatingMethodAccessorImpl.java:43)
	at java.lang.reflect.Method.invoke(Method.java:498)
	at org.testng.internal.MethodInvocationHelper.invokeMethod(MethodInvocationHelper.java:104)
	at org.testng.internal.Invoker.invokeMethod(Invoker.java:645)
	at org.testng.internal.Invoker.invokeTestMethod(Invoker.java:851)
	at org.testng.internal.Invoker.invokeTestMethods(Invoker.java:1177)
	at org.testng.internal.TestMethodWorker.invokeTestMethods(TestMethodWorker.java:129)
	at org.testng.internal.TestMethodWorker.run(TestMethodWorker.java:112)
	at org.testng.TestRunner.privateRun(TestRunner.java:781)
	at org.testng.TestRunner.run(TestRunner.java:635)
	at org.testng.SuiteRunner.runTest(SuiteRunner.java:387)
	at org.testng.SuiteRunner.runSequentially(SuiteRunner.java:382)
	at org.testng.SuiteRunner.privateRun(SuiteRunner.java:340)
	at org.testng.SuiteRunner.run(SuiteRunner.java:289)
	at org.testng.SuiteRunnerWorker.runSuite(SuiteRunnerWorker.java:52)
	at org.testng.SuiteRunnerWorker.run(SuiteRunnerWorker.java:86)
	at org.testng.TestNG.runSuitesSequentially(TestNG.java:1293)
	at org.testng.TestNG.runSuitesLocally(TestNG.java:1218)
	at org.testng.TestNG.runSuites(TestNG.java:1133)
	at org.testng.TestNG.run(TestNG.java:1104)
	at org.apache.maven.surefire.testng.TestNGExecutor.run(TestNGExecutor.java:122)
	at org.apache.maven.surefire.testng.TestNGXmlTestSuite.execute(TestNGXmlTestSuite.java:92)
	at org.apache.maven.surefire.testng.TestNGProvider.invoke(TestNGProvider.java:101)
	at sun.reflect.NativeMethodAccessorImpl.invoke0(Native Method)
	at sun.reflect.NativeMethodAccessorImpl.invoke(NativeMethodAccessorImpl.java:62)
	at sun.reflect.DelegatingMethodAccessorImpl.invoke(DelegatingMethodAccessorImpl.java:43)
	at java.lang.reflect.Method.invoke(Method.java:498)
	at org.apache.maven.surefire.util.ReflectionUtils.invokeMethodWithArray(ReflectionUtils.java:164)
	at org.apache.maven.surefire.booter.ProviderFactory$ProviderProxy.invoke(ProviderFactory.java:110)
	at org.apache.maven.surefire.booter.SurefireStarter.invokeProvider(SurefireStarter.java:172)
	at org.apache.maven.surefire.booter.SurefireStarter.runSuitesInProcessWhenForked(SurefireStarter.java:104)
	at org.apache.maven.surefire.booter.ForkedBooter.main(ForkedBooter.java:70)

</system-err>
  </testcase>
</testsuite>