<?xml version="1.0" encoding="UTF-8"?>
<testng-results skipped="0" failed="0" ignored="0" total="1" passed="1">
  <reporter-output>
    <line>
      <![CDATA[<div style="display:block;margin-left:10px;"><div  class="teststeppass"><span class="teststeppass-label">T </span>Given Open my application</div></div>]]>
    </line>
  </reporter-output>
  <suite name="practice-flipkart.scenarios.Flip.bdd" duration-ms="22910" started-at="2018-02-22T10:54:12Z" finished-at="2018-02-22T10:54:34Z">
    <groups>
    </groups>
    <test name="BDD Test" duration-ms="22910" started-at="2018-02-22T10:54:12Z" finished-at="2018-02-22T10:54:34Z">
      <class name="com.qmetry.qaf.automation.step.client.Scenario">
        <test-method status="PASS" signature="setupSuit(org.testng.ITestContext)[pri:0, instance:com.qmetry.qaf.automation.step.client.Scenario@3e8]" test-instance-name="Flipkart" name="setupSuit" is-config="true" duration-ms="25" started-at="2018-02-22T16:24:12Z" finished-at="2018-02-22T16:24:12Z">
          <params>
            <param index="0">
              <value>
                <![CDATA[org.testng.TestRunner@4c9f8c13]]>
              </value>
            </param>
          </params>
          <reporter-output>
          </reporter-output>
        </test-method> <!-- setupSuit -->
        <test-method status="PASS" signature="setupTest(org.testng.ITestContext)[pri:0, instance:com.qmetry.qaf.automation.step.client.Scenario@3e8]" test-instance-name="Flipkart" name="setupTest" is-config="true" duration-ms="3" started-at="2018-02-22T16:24:12Z" finished-at="2018-02-22T16:24:12Z">
          <params>
            <param index="0">
              <value>
                <![CDATA[org.testng.TestRunner@4c9f8c13]]>
              </value>
            </param>
          </params>
          <reporter-output>
          </reporter-output>
        </test-method> <!-- setupTest -->
        <test-method status="PASS" signature="setup(org.testng.ITestContext)[pri:0, instance:com.qmetry.qaf.automation.step.client.Scenario@3e8]" test-instance-name="Flipkart" name="setup" is-config="true" duration-ms="1" started-at="2018-02-22T16:24:12Z" finished-at="2018-02-22T16:24:12Z">
          <params>
            <param index="0">
              <value>
                <![CDATA[org.testng.TestRunner@4c9f8c13]]>
              </value>
            </param>
          </params>
          <reporter-output>
          </reporter-output>
        </test-method> <!-- setup -->
        <test-method status="PASS" signature="setupMethod(java.lang.reflect.Method, org.testng.ITestContext)[pri:0, instance:com.qmetry.qaf.automation.step.client.Scenario@3e8]" test-instance-name="Flipkart" name="setupMethod" is-config="true" duration-ms="1" started-at="2018-02-22T16:24:12Z" finished-at="2018-02-22T16:24:12Z">
          <params>
            <param index="0">
              <value>
                <![CDATA[public void com.qmetry.qaf.automation.step.client.Scenario.scenario()]]>
              </value>
            </param>
            <param index="1">
              <value>
                <![CDATA[org.testng.TestRunner@4c9f8c13]]>
              </value>
            </param>
          </params>
          <reporter-output>
          </reporter-output>
        </test-method> <!-- setupMethod -->
        <test-method status="PASS" signature="Flipkart()[pri:1000, instance:com.qmetry.qaf.automation.step.client.Scenario@3e8]" test-instance-name="Flipkart" name="Flipkart" duration-ms="20211" started-at="2018-02-22T16:24:12Z" finished-at="2018-02-22T16:24:32Z">
          <reporter-output>
            <line>
              <![CDATA[<div style="display:block;margin-left:10px;"><div  class="teststeppass"><span class="teststeppass-label">T </span>Given Open my application</div></div>]]>
            </line>
          </reporter-output>
        </test-method> <!-- Flipkart -->
        <test-method status="PASS" signature="afterMethod(org.testng.ITestContext, org.testng.ITestResult)[pri:0, instance:com.qmetry.qaf.automation.step.client.Scenario@3e8]" test-instance-name="Flipkart" name="afterMethod" is-config="true" duration-ms="2" started-at="2018-02-22T16:24:32Z" finished-at="2018-02-22T16:24:32Z">
          <params>
            <param index="0">
              <value>
                <![CDATA[org.testng.TestRunner@4c9f8c13]]>
              </value>
            </param>
            <param index="1">
              <value>
                <![CDATA[[TestResult name=Flipkart status=SUCCESS method=scenarios.Flip.bdd.Flipkart()[pri:1000, instance:com.qmetry.qaf.automation.step.client.Scenario@3e8] output=<div style="display:block;margin-left:10px;"><div  class="teststeppass"><span class="teststeppass-label">T </span>Given Open my application</div></div>]]]>
              </value>
            </param>
          </params>
          <reporter-output>
          </reporter-output>
        </test-method> <!-- afterMethod -->
        <test-method status="PASS" signature="afterClass(org.testng.ITestContext)[pri:0, instance:com.qmetry.qaf.automation.step.client.Scenario@3e8]" test-instance-name="Flipkart" name="afterClass" is-config="true" duration-ms="1" started-at="2018-02-22T16:24:32Z" finished-at="2018-02-22T16:24:32Z">
          <params>
            <param index="0">
              <value>
                <![CDATA[org.testng.TestRunner@4c9f8c13]]>
              </value>
            </param>
          </params>
          <reporter-output>
          </reporter-output>
        </test-method> <!-- afterClass -->
        <test-method status="PASS" signature="afterTest(org.testng.ITestContext)[pri:0, instance:com.qmetry.qaf.automation.step.client.Scenario@3e8]" test-instance-name="Flipkart" name="afterTest" is-config="true" duration-ms="2650" started-at="2018-02-22T16:24:32Z" finished-at="2018-02-22T16:24:34Z">
          <params>
            <param index="0">
              <value>
                <![CDATA[org.testng.TestRunner@4c9f8c13]]>
              </value>
            </param>
          </params>
          <reporter-output>
          </reporter-output>
        </test-method> <!-- afterTest -->
        <test-method status="PASS" signature="afterSuit(org.testng.ITestContext)[pri:0, instance:com.qmetry.qaf.automation.step.client.Scenario@3e8]" test-instance-name="Flipkart" name="afterSuit" is-config="true" duration-ms="2" started-at="2018-02-22T16:24:35Z" finished-at="2018-02-22T16:24:35Z">
          <params>
            <param index="0">
              <value>
                <![CDATA[org.testng.TestRunner@4c9f8c13]]>
              </value>
            </param>
          </params>
          <reporter-output>
          </reporter-output>
        </test-method> <!-- afterSuit -->
      </class> <!-- com.qmetry.qaf.automation.step.client.Scenario -->
    </test> <!-- BDD Test -->
  </suite> <!-- practice-flipkart.scenarios.Flip.bdd -->
</testng-results>
